[Agente_20] Iniciando loop de monitoramento SRE...
[Agente_20] PID: 1673 | Intervalo: 30s
[Agente_20] Dashboard: /home/cloudshell-user/sre-dashboard.txt
[Agente_20] Log: /home/cloudshell-user/sre-logs/audit-20260619.log
[2026-06-19 20:20:22] Loop #1 - Status: HEALTHY
[2026-06-19 20:23:25] Loop #1 | OpenCode=RUNNING RAM=2103MB Alerta=[ATENCAO - Memoria alta (1460MB)]
[2026-06-19 20:23:45] Loop #2 | OpenCode=RUNNING RAM=2053MB Alerta=[ATENCAO - Memoria alta (1432MB)]
[2026-06-19 20:24:03] Loop #3 | OpenCode=RUNNING RAM=2151MB Alerta=[ATENCAO - Memoria alta (1444MB)]
[2026-06-19 20:24:23] Loop #4 | OpenCode=RUNNING RAM=2023MB Alerta=[ATENCAO - Memoria alta (1314MB)]
[2026-06-19 20:24:40] Loop #5 | OpenCode=RUNNING RAM=1987MB Alerta=[ATENCAO - Memoria alta (1301MB)]
[2026-06-19 20:24:57] Loop #6 | OpenCode=RUNNING RAM=1991MB Alerta=[ATENCAO - Memoria alta (1301MB)]
[2026-06-19 20:25:13] Loop #7 | OpenCode=RUNNING RAM=2000MB Alerta=[ATENCAO - Memoria alta (1306MB)]
[2026-06-19 20:25:30] Loop #8 | OpenCode=RUNNING RAM=2019MB Alerta=[ATENCAO - Memoria alta (1319MB)]
[2026-06-19 20:25:46] Loop #9 | OpenCode=RUNNING RAM=2006MB Alerta=[ATENCAO - Memoria alta (1312MB)]
[2026-06-19 20:26:03] Loop #10 | OpenCode=RUNNING RAM=2003MB Alerta=[ATENCAO - Memoria alta (1318MB)]
[2026-06-19 20:26:20] Loop #11 | OpenCode=RUNNING RAM=1996MB Alerta=[ATENCAO - Memoria alta (1314MB)]
[2026-06-19 20:26:36] Loop #12 | OpenCode=RUNNING RAM=2000MB Alerta=[ATENCAO - Memoria alta (1304MB)]
[2026-06-19 20:26:53] Loop #13 | OpenCode=RUNNING RAM=1974MB Alerta=[ATENCAO - Memoria alta (1290MB)]
[2026-06-19 20:27:10] Loop #14 | OpenCode=RUNNING RAM=2002MB Alerta=[ATENCAO - Memoria alta (1311MB)]
[2026-06-19 20:27:27] Loop #15 | OpenCode=RUNNING RAM=2013MB Alerta=[ATENCAO - Memoria alta (1318MB)]
[2026-06-19 20:27:44] Loop #16 | OpenCode=RUNNING RAM=2056MB Alerta=[ATENCAO - Memoria alta (1384MB)]
[2026-06-19 20:28:01] Loop #17 | OpenCode=RUNNING RAM=2091MB Alerta=[ATENCAO - Memoria alta (1404MB)]
[2026-06-19 20:28:21] Loop #18 | OpenCode=RUNNING RAM=2153MB Alerta=[ATENCAO - Memoria alta (1462MB)]
[2026-06-19 20:28:38] Loop #19 | OpenCode=RUNNING RAM=2196MB Alerta=[ATENCAO - Memoria alta (1375MB)]
[2026-06-19 20:29:15] Loop #20 | OpenCode=RUNNING RAM=2151MB Alerta=[ATENCAO - Memoria alta (1387MB)]
[2026-06-19 20:29:39] Loop #21 | OpenCode=RUNNING RAM=1541MB Alerta=[ATENCAO - Memoria alta (698MB)]
[2026-06-19 20:30:30] Loop #22 | OpenCode=RUNNING RAM=1457MB Alerta=[ATENCAO - Memoria alta (738MB)]
[2026-06-19 20:30:46] Loop #23 | OpenCode=RUNNING RAM=1467MB Alerta=[ATENCAO - Memoria alta (752MB)]
[2026-06-19 20:31:02] Loop #24 | OpenCode=RUNNING RAM=1419MB Alerta=[ATENCAO - Memoria alta (699MB)]
[2026-06-19 20:31:19] Loop #25 | OpenCode=RUNNING RAM=1449MB Alerta=[ATENCAO - Memoria alta (700MB)]
[2026-06-19 20:31:35] Loop #26 | OpenCode=RUNNING RAM=1520MB Alerta=[ATENCAO - Memoria alta (808MB)]
[2026-06-19 20:31:52] Loop #27 | OpenCode=RUNNING RAM=1538MB Alerta=[ATENCAO - Memoria alta (851MB)]
[2026-06-19 20:32:09] Loop #28 | OpenCode=RUNNING RAM=1538MB Alerta=[ATENCAO - Memoria alta (854MB)]
[2026-06-19 20:32:26] Loop #29 | OpenCode=RUNNING RAM=1490MB Alerta=[ATENCAO - Memoria alta (809MB)]
[2026-06-19 20:32:42] Loop #30 | OpenCode=RUNNING RAM=1491MB Alerta=[ATENCAO - Memoria alta (810MB)]
[2026-06-19 20:32:59] Loop #31 | OpenCode=RUNNING RAM=1503MB Alerta=[ATENCAO - Memoria alta (826MB)]
[2026-06-19 20:33:16] Loop #32 | OpenCode=RUNNING RAM=1465MB Alerta=[ATENCAO - Memoria alta (787MB)]
[2026-06-19 20:33:32] Loop #33 | OpenCode=RUNNING RAM=1431MB Alerta=[ATENCAO - Memoria alta (789MB)]
[2026-06-19 20:33:48] Loop #34 | OpenCode=RUNNING RAM=1426MB Alerta=[ATENCAO - Memoria alta (788MB)]
[2026-06-19 20:34:05] Loop #35 | OpenCode=RUNNING RAM=1454MB Alerta=[ATENCAO - Memoria alta (734MB)]
[2026-06-19 20:34:21] Loop #36 | OpenCode=RUNNING RAM=1440MB Alerta=[ATENCAO - Memoria alta (737MB)]
[2026-06-19 20:34:38] Loop #37 | OpenCode=RUNNING RAM=1514MB Alerta=[ATENCAO - Memoria alta (805MB)]
[2026-06-19 20:34:54] Loop #38 | OpenCode=RUNNING RAM=1542MB Alerta=[ATENCAO - Memoria alta (860MB)]
[2026-06-19 20:35:11] Loop #39 | OpenCode=RUNNING RAM=1456MB Alerta=[ATENCAO - Memoria alta (750MB)]
[2026-06-19 20:35:28] Loop #40 | OpenCode=RUNNING RAM=2039MB Alerta=[ATENCAO - Memoria alta (1359MB)]
[2026-06-19 20:35:48] Loop #41 | OpenCode=RUNNING RAM=2063MB Alerta=[ATENCAO - Memoria alta (1383MB)]
[2026-06-19 20:36:05] Loop #42 | OpenCode=RUNNING RAM=1998MB Alerta=[ATENCAO - Memoria alta (1314MB)]
[2026-06-19 20:36:22] Loop #43 | OpenCode=RUNNING RAM=1985MB Alerta=[ATENCAO - Memoria alta (1308MB)]
[2026-06-19 20:36:38] Loop #44 | OpenCode=RUNNING RAM=1992MB Alerta=[ATENCAO - Memoria alta (1307MB)]
[2026-06-19 20:36:54] Loop #45 | OpenCode=RUNNING RAM=1993MB Alerta=[ATENCAO - Memoria alta (1284MB)]
[2026-06-19 20:37:10] Loop #46 | OpenCode=RUNNING RAM=1988MB Alerta=[ATENCAO - Memoria alta (1285MB)]
[2026-06-19 20:37:26] Loop #47 | OpenCode=RUNNING RAM=1952MB Alerta=[ATENCAO - Memoria alta (1284MB)]
[2026-06-19 20:37:43] Loop #48 | OpenCode=RUNNING RAM=1962MB Alerta=[ATENCAO - Memoria alta (1284MB)]
[2026-06-19 20:37:59] Loop #49 | OpenCode=RUNNING RAM=1975MB Alerta=[ATENCAO - Memoria alta (1283MB)]
[2026-06-19 20:38:15] Loop #50 | OpenCode=RUNNING RAM=1974MB Alerta=[ATENCAO - Memoria alta (1282MB)]
[2026-06-19 20:38:31] Loop #51 | OpenCode=RUNNING RAM=1986MB Alerta=[ATENCAO - Memoria alta (1287MB)]
[2026-06-19 20:38:48] Loop #52 | OpenCode=RUNNING RAM=1942MB Alerta=[ATENCAO - Memoria alta (1302MB)]
[2026-06-19 20:39:04] Loop #53 | OpenCode=RUNNING RAM=1951MB Alerta=[ATENCAO - Memoria alta (1264MB)]
[2026-06-19 20:39:22] Loop #54 | OpenCode=RUNNING RAM=1974MB Alerta=[ATENCAO - Memoria alta (1272MB)]
[2026-06-19 20:39:39] Loop #55 | OpenCode=RUNNING RAM=1936MB Alerta=[ATENCAO - Memoria alta (1249MB)]
[2026-06-19 20:39:55] Loop #56 | OpenCode=RUNNING RAM=1946MB Alerta=[ATENCAO - Memoria alta (1248MB)]
